<?xml version="1.0" encoding="UTF-8"?>
<testsuite xmlns:xsi="http://www.w3.org/2001/XMLSchema-instance" xsi:noNamespaceSchemaLocation="https://maven.apache.org/surefire/maven-surefire-plugin/xsd/surefire-test-report.xsd" name="com.spoonacular.client.model.GetRecipePriceBreakdownByID200ResponseIngredientsInnerTest" time="0.004" tests="5" errors="0" skipped="0" failures="0">
  <properties>
    <property name="java.specification.version" value="21"/>
    <property name="sun.cpu.isalist" value="amd64"/>
    <property name="sun.jnu.encoding" value="Cp1252"/>
    <property name="java.class.path" value="C:\Users\hehrd\csus\CS131\cs131-ostrta\target\test-classes;C:\Users\hehrd\csus\CS131\cs131-ostrta\target\classes;C:\Users\hehrd\.m2\repository\com\google\code\findbugs\jsr305\3.0.2\jsr305-3.0.2.jar;C:\Users\hehrd\.m2\repository\com\squareup\okhttp3\okhttp\4.11.0\okhttp-4.11.0.jar;C:\Users\hehrd\.m2\repository\com\squareup\okio\okio\3.2.0\okio-3.2.0.jar;C:\Users\hehrd\.m2\repository\com\squareup\okio\okio-jvm\3.2.0\okio-jvm-3.2.0.jar;C:\Users\hehrd\.m2\repository\org\jetbrains\kotlin\kotlin-stdlib\1.6.20\kotlin-stdlib-1.6.20.jar;C:\Users\hehrd\.m2\repository\org\jetbrains\kotlin\kotlin-stdlib-common\1.6.20\kotlin-stdlib-common-1.6.20.jar;C:\Users\hehrd\.m2\repository\org\jetbrains\annotations\13.0\annotations-13.0.jar;C:\Users\hehrd\.m2\repository\org\jetbrains\kotlin\kotlin-stdlib-jdk8\1.6.20\kotlin-stdlib-jdk8-1.6.20.jar;C:\Users\hehrd\.m2\repository\org\jetbrains\kotlin\kotlin-stdlib-jdk7\1.6.20\kotlin-stdlib-jdk7-1.6.20.jar;C:\Users\hehrd\.m2\repository\com\squareup\okhttp3\logging-interceptor\4.11.0\logging-interceptor-4.11.0.jar;C:\Users\hehrd\.m2\repository\com\google\code\gson\gson\2.10.1\gson-2.10.1.jar;C:\Users\hehrd\.m2\repository\io\gsonfire\gson-fire\1.9.0\gson-fire-1.9.0.jar;C:\Users\hehrd\.m2\repository\org\apache\commons\commons-lang3\3.13.0\commons-lang3-3.13.0.jar;C:\Users\hehrd\.m2\repository\jakarta\annotation\jakarta.annotation-api\1.3.5\jakarta.annotation-api-1.3.5.jar;C:\Users\hehrd\.m2\repository\org\openapitools\jackson-databind-nullable\0.2.6\jackson-databind-nullable-0.2.6.jar;C:\Users\hehrd\.m2\repository\com\fasterxml\jackson\core\jackson-databind\2.14.0-rc2\jackson-databind-2.14.0-rc2.jar;C:\Users\hehrd\.m2\repository\com\fasterxml\jackson\core\jackson-annotations\2.14.0-rc2\jackson-annotations-2.14.0-rc2.jar;C:\Users\hehrd\.m2\repository\com\fasterxml\jackson\core\jackson-core\2.14.0-rc2\jackson-core-2.14.0-rc2.jar;C:\Users\hehrd\.m2\repository\javax\ws\rs\jsr311-api\1.1.1\jsr311-api-1.1.1.jar;C:\Users\hehrd\.m2\repository\javax\ws\rs\javax.ws.rs-api\2.1.1\javax.ws.rs-api-2.1.1.jar;C:\Users\hehrd\.m2\repository\org\junit\jupiter\junit-jupiter-engine\5.10.0\junit-jupiter-engine-5.10.0.jar;C:\Users\hehrd\.m2\repository\org\junit\platform\junit-platform-engine\1.10.0\junit-platform-engine-1.10.0.jar;C:\Users\hehrd\.m2\repository\org\opentest4j\opentest4j\1.3.0\opentest4j-1.3.0.jar;C:\Users\hehrd\.m2\repository\org\junit\platform\junit-platform-commons\1.10.0\junit-platform-commons-1.10.0.jar;C:\Users\hehrd\.m2\repository\org\junit\jupiter\junit-jupiter-api\5.10.0\junit-jupiter-api-5.10.0.jar;C:\Users\hehrd\.m2\repository\org\apiguardian\apiguardian-api\1.1.2\apiguardian-api-1.1.2.jar;C:\Users\hehrd\.m2\repository\org\junit\platform\junit-platform-runner\1.10.0\junit-platform-runner-1.10.0.jar;C:\Users\hehrd\.m2\repository\junit\junit\4.13.2\junit-4.13.2.jar;C:\Users\hehrd\.m2\repository\org\hamcrest\hamcrest-core\1.3\hamcrest-core-1.3.jar;C:\Users\hehrd\.m2\repository\org\junit\platform\junit-platform-launcher\1.10.0\junit-platform-launcher-1.10.0.jar;C:\Users\hehrd\.m2\repository\org\junit\platform\junit-platform-suite-api\1.10.0\junit-platform-suite-api-1.10.0.jar;C:\Users\hehrd\.m2\repository\org\junit\platform\junit-platform-suite-commons\1.10.0\junit-platform-suite-commons-1.10.0.jar;C:\Users\hehrd\.m2\repository\org\mongodb\mongodb-driver-sync\5.0.0\mongodb-driver-sync-5.0.0.jar;C:\Users\hehrd\.m2\repository\org\mongodb\bson\5.0.0\bson-5.0.0.jar;C:\Users\hehrd\.m2\repository\org\mongodb\mongodb-driver-core\5.0.0\mongodb-driver-core-5.0.0.jar;C:\Users\hehrd\.m2\repository\org\mongodb\bson-record-codec\5.0.0\bson-record-codec-5.0.0.jar;C:\Users\hehrd\.m2\repository\org\json\json\20240303\json-20240303.jar;"/>
    <property name="java.vm.vendor" value="Oracle Corporation"/>
    <property name="sun.arch.data.model" value="64"/>
    <property name="user.variant" value=""/>
    <property name="java.vendor.url" value="https://java.oracle.com/"/>
    <property name="user.timezone" value="America/Los_Angeles"/>
    <property name="os.name" value="Windows 10"/>
    <property name="java.vm.specification.version" value="21"/>
    <property name="sun.java.launcher" value="SUN_STANDARD"/>
    <property name="user.country" value="US"/>
    <property name="sun.boot.library.path" value="C:\Program Files\Java\jdk-21\bin"/>
    <property name="sun.java.command" value="C:\Users\hehrd\AppData\Local\Temp\surefire2677190279230506022\surefirebooter11151373933488626648.jar C:\Users\hehrd\AppData\Local\Temp\surefire2677190279230506022 2024-04-29T18-54-30_264-jvmRun1 surefire6352004223252341898tmp surefire_015142387144988715370tmp"/>
    <property name="jdk.debug" value="release"/>
    <property name="surefire.test.class.path" value="C:\Users\hehrd\csus\CS131\cs131-ostrta\target\test-classes;C:\Users\hehrd\csus\CS131\cs131-ostrta\target\classes;C:\Users\hehrd\.m2\repository\com\google\code\findbugs\jsr305\3.0.2\jsr305-3.0.2.jar;C:\Users\hehrd\.m2\repository\com\squareup\okhttp3\okhttp\4.11.0\okhttp-4.11.0.jar;C:\Users\hehrd\.m2\repository\com\squareup\okio\okio\3.2.0\okio-3.2.0.jar;C:\Users\hehrd\.m2\repository\com\squareup\okio\okio-jvm\3.2.0\okio-jvm-3.2.0.jar;C:\Users\hehrd\.m2\repository\org\jetbrains\kotlin\kotlin-stdlib\1.6.20\kotlin-stdlib-1.6.20.jar;C:\Users\hehrd\.m2\repository\org\jetbrains\kotlin\kotlin-stdlib-common\1.6.20\kotlin-stdlib-common-1.6.20.jar;C:\Users\hehrd\.m2\repository\org\jetbrains\annotations\13.0\annotations-13.0.jar;C:\Users\hehrd\.m2\repository\org\jetbrains\kotlin\kotlin-stdlib-jdk8\1.6.20\kotlin-stdlib-jdk8-1.6.20.jar;C:\Users\hehrd\.m2\repository\org\jetbrains\kotlin\kotlin-stdlib-jdk7\1.6.20\kotlin-stdlib-jdk7-1.6.20.jar;C:\Users\hehrd\.m2\repository\com\squareup\okhttp3\logging-interceptor\4.11.0\logging-interceptor-4.11.0.jar;C:\Users\hehrd\.m2\repository\com\google\code\gson\gson\2.10.1\gson-2.10.1.jar;C:\Users\hehrd\.m2\repository\io\gsonfire\gson-fire\1.9.0\gson-fire-1.9.0.jar;C:\Users\hehrd\.m2\repository\org\apache\commons\commons-lang3\3.13.0\commons-lang3-3.13.0.jar;C:\Users\hehrd\.m2\repository\jakarta\annotation\jakarta.annotation-api\1.3.5\jakarta.annotation-api-1.3.5.jar;C:\Users\hehrd\.m2\repository\org\openapitools\jackson-databind-nullable\0.2.6\jackson-databind-nullable-0.2.6.jar;C:\Users\hehrd\.m2\repository\com\fasterxml\jackson\core\jackson-databind\2.14.0-rc2\jackson-databind-2.14.0-rc2.jar;C:\Users\hehrd\.m2\repository\com\fasterxml\jackson\core\jackson-annotations\2.14.0-rc2\jackson-annotations-2.14.0-rc2.jar;C:\Users\hehrd\.m2\repository\com\fasterxml\jackson\core\jackson-core\2.14.0-rc2\jackson-core-2.14.0-rc2.jar;C:\Users\hehrd\.m2\repository\javax\ws\rs\jsr311-api\1.1.1\jsr311-api-1.1.1.jar;C:\Users\hehrd\.m2\repository\javax\ws\rs\javax.ws.rs-api\2.1.1\javax.ws.rs-api-2.1.1.jar;C:\Users\hehrd\.m2\repository\org\junit\jupiter\junit-jupiter-engine\5.10.0\junit-jupiter-engine-5.10.0.jar;C:\Users\hehrd\.m2\repository\org\junit\platform\junit-platform-engine\1.10.0\junit-platform-engine-1.10.0.jar;C:\Users\hehrd\.m2\repository\org\opentest4j\opentest4j\1.3.0\opentest4j-1.3.0.jar;C:\Users\hehrd\.m2\repository\org\junit\platform\junit-platform-commons\1.10.0\junit-platform-commons-1.10.0.jar;C:\Users\hehrd\.m2\repository\org\junit\jupiter\junit-jupiter-api\5.10.0\junit-jupiter-api-5.10.0.jar;C:\Users\hehrd\.m2\repository\org\apiguardian\apiguardian-api\1.1.2\apiguardian-api-1.1.2.jar;C:\Users\hehrd\.m2\repository\org\junit\platform\junit-platform-runner\1.10.0\junit-platform-runner-1.10.0.jar;C:\Users\hehrd\.m2\repository\junit\junit\4.13.2\junit-4.13.2.jar;C:\Users\hehrd\.m2\repository\org\hamcrest\hamcrest-core\1.3\hamcrest-core-1.3.jar;C:\Users\hehrd\.m2\repository\org\junit\platform\junit-platform-launcher\1.10.0\junit-platform-launcher-1.10.0.jar;C:\Users\hehrd\.m2\repository\org\junit\platform\junit-platform-suite-api\1.10.0\junit-platform-suite-api-1.10.0.jar;C:\Users\hehrd\.m2\repository\org\junit\platform\junit-platform-suite-commons\1.10.0\junit-platform-suite-commons-1.10.0.jar;C:\Users\hehrd\.m2\repository\org\mongodb\mongodb-driver-sync\5.0.0\mongodb-driver-sync-5.0.0.jar;C:\Users\hehrd\.m2\repository\org\mongodb\bson\5.0.0\bson-5.0.0.jar;C:\Users\hehrd\.m2\repository\org\mongodb\mongodb-driver-core\5.0.0\mongodb-driver-core-5.0.0.jar;C:\Users\hehrd\.m2\repository\org\mongodb\bson-record-codec\5.0.0\bson-record-codec-5.0.0.jar;C:\Users\hehrd\.m2\repository\org\json\json\20240303\json-20240303.jar;"/>
    <property name="sun.cpu.endian" value="little"/>
    <property name="user.home" value="C:\Users\hehrd"/>
    <property name="user.language" value="en"/>
    <property name="java.specification.vendor" value="Oracle Corporation"/>
    <property name="java.version.date" value="2024-01-16"/>
    <property name="java.home" value="C:\Program Files\Java\jdk-21"/>
    <property name="file.separator" value="\"/>
    <property name="basedir" value="C:\Users\hehrd\csus\CS131\cs131-ostrta"/>
    <property name="java.vm.compressedOopsMode" value="32-bit"/>
    <property name="line.separator" value="&#10;"/>
    <property name="java.vm.specification.vendor" value="Oracle Corporation"/>
    <property name="java.specification.name" value="Java Platform API Specification"/>
    <property name="surefire.real.class.path" value="C:\Users\hehrd\AppData\Local\Temp\surefire2677190279230506022\surefirebooter11151373933488626648.jar"/>
    <property name="user.script" value=""/>
    <property name="sun.management.compiler" value="HotSpot 64-Bit Tiered Compilers"/>
    <property name="java.runtime.version" value="21.0.2+13-LTS-58"/>
    <property name="user.name" value="hehrd"/>
    <property name="stdout.encoding" value="Cp1252"/>
    <property name="path.separator" value=";"/>
    <property name="os.version" value="10.0"/>
    <property name="java.runtime.name" value="Java(TM) SE Runtime Environment"/>
    <property name="file.encoding" value="UTF-8"/>
    <property name="java.vm.name" value="Java HotSpot(TM) 64-Bit Server VM"/>
    <property name="localRepository" value="C:\Users\hehrd\.m2\repository"/>
    <property name="java.vendor.url.bug" value="https://bugreport.java.com/bugreport/"/>
    <property name="java.io.tmpdir" value="C:\Users\hehrd\AppData\Local\Temp\"/>
    <property name="java.version" value="21.0.2"/>
    <property name="user.dir" value="C:\Users\hehrd\csus\CS131\cs131-ostrta"/>
    <property name="os.arch" value="amd64"/>
    <property name="java.vm.specification.name" value="Java Virtual Machine Specification"/>
    <property name="sun.os.patch.level" value=""/>
    <property name="native.encoding" value="Cp1252"/>
    <property name="java.library.path" value="C:\Program Files\Java\jdk-21\bin;C:\Windows\Sun\Java\bin;C:\Windows\system32;C:\Windows;C:\Program Files\Common Files\Oracle\Java\javapath;C:\Program Files (x86)\Common Files\Oracle\Java\javapath;C:\Program Files (x86)\Razer Chroma SDK\bin;C:\Program Files\Razer Chroma SDK\bin;C:\Program Files (x86)\Common Files\Intel\Shared Libraries\redist\intel64_win\compiler;C:\Program Files (x86)\Razer\ChromaBroadcast\bin;C:\Program Files\Razer\ChromaBroadcast\bin;C:\Windows\system32;C:\Windows;C:\Windows\System32\Wbem;C:\Windows\System32\WindowsPowerShell\v1.0\;C:\Windows\System32\OpenSSH\;C:\Program Files\Microsoft VS Code\bin;C:\Program Files (x86)\NVIDIA Corporation\PhysX\Common;C:\Program Files\NVIDIA Corporation\NVIDIA NvDLISR;C:\Program Files\PuTTY\;C:\Windows\system32\config\systemprofile\AppData\Local\Microsoft\WindowsApps;C:\Users\hehrd\AppData\Roaming\npm;C:\Program Files\nodejs\;C:\Program Files\Git\cmd;C:\Program Files\Java\jdk-21\bin;C:\Program Files\apache-maven-3.9.6\bin;C:\Users\hehrd\csus\CS131\cs131-ostrta;;C:\Program Files\Mullvad VPN\resources;C:\Users\hehrd\AppData\Local\Programs\Python\Python310\Scripts\;C:\Users\hehrd\AppData\Local\Programs\Python\Python310\;C:\Program Files\nodejs;C:\Users\hehrd\AppData\Roaming\npm;C:\Program Files\Java\jdk-21\bin;C:\Users\hehrd\csus\CS131\cs131-ostrta;C:\Program Files\heroku\bin;."/>
    <property name="java.vm.info" value="mixed mode, sharing"/>
    <property name="stderr.encoding" value="Cp1252"/>
    <property name="java.vendor" value="Oracle Corporation"/>
    <property name="java.vm.version" value="21.0.2+13-LTS-58"/>
    <property name="sun.io.unicode.encoding" value="UnicodeLittle"/>
    <property name="java.class.version" value="65.0"/>
    <property name="loggerPath" value="conf/log4j.properties"/>
  </properties>
  <testcase name="priceTest" classname="com.spoonacular.client.model.GetRecipePriceBreakdownByID200ResponseIngredientsInnerTest" time="0.003"/>
  <testcase name="amountTest" classname="com.spoonacular.client.model.GetRecipePriceBreakdownByID200ResponseIngredientsInnerTest" time="0"/>
  <testcase name="imageTest" classname="com.spoonacular.client.model.GetRecipePriceBreakdownByID200ResponseIngredientsInnerTest" time="0"/>
  <testcase name="testGetRecipePriceBreakdownByID200ResponseIngredientsInner" classname="com.spoonacular.client.model.GetRecipePriceBreakdownByID200ResponseIngredientsInnerTest" time="0"/>
  <testcase name="nameTest" classname="com.spoonacular.client.model.GetRecipePriceBreakdownByID200ResponseIngredientsInnerTest" time="0"/>
</testsuite>